<?xml version="1.0" encoding="UTF-8"?>
<!-- Generated by org.testng.reporters.JUnitReportReporter -->
<testsuite hostname="monikaPC" failures="0" tests="1" name="maven_project.AllureTest" time="7.957" errors="0" timestamp="2025-04-20T12:04:48 IST" skipped="0">
  <testcase classname="maven_project.AllureTest" name="loginTest" time="7.957"/>
</testsuite> <!-- maven_project.AllureTest -->
