<?xml version="1.0" encoding="UTF-8"?>
<!-- Generated by org.testng.reporters.JUnitReportReporter -->
<testsuite hostname="monikaPC" failures="0" tests="1" name="maven_tests.AllureTest" time="5.753" errors="0" timestamp="2025-07-19T18:56:40 IST" skipped="0">
  <testcase classname="maven_tests.AllureTest" name="loginTest" time="5.753"/>
</testsuite> <!-- maven_tests.AllureTest -->
