<?xml version="1.0" encoding="UTF-8"?>
<!-- Generated by org.testng.reporters.JUnitReportReporter -->
<testsuite hostname="monikaPC" failures="0" tests="1" name="maven_tests.RestAssured_test" time="3.170" errors="0" timestamp="2025-04-23T17:43:03 IST" skipped="0">
  <testcase classname="maven_tests.RestAssured_test" name="verifyUsersEndpoint" time="3.170"/>
</testsuite> <!-- maven_tests.RestAssured_test -->
